<?xml version="1.0" encoding="UTF-8"?>
<testsuite name="tictactoe.TicTacToeTest" tests="1" skipped="0" failures="0" errors="0" timestamp="2020-05-27T13:13:03" hostname="isa" time="0.073">
  <properties/>
  <testcase name="isTestSetUpWorking()" classname="tictactoe.TicTacToeTest" time="0.073"/>
  <system-out><![CDATA[]]></system-out>
  <system-err><![CDATA[]]></system-err>
</testsuite>
